<!-- <?xml version="1.0" encoding="UTF-8" ?> -->
<testsuites
  id=""
  name=""
  tests="2"
  failures="0"
  skipped="0"
  errors="0"
  time="1.251732"
>
  <testsuite
    name="example.spec.ts"
    timestamp="2024-01-23T03:46:55.103Z"
    hostname="chromium"
    tests="2"
    failures="0"
    skipped="0"
    time="1.644"
    errors="0"
  >
    <testcase name="get started link" classname="example.spec.ts" time="0.2">
    </testcase>
  </testsuite>
</testsuites>
